<?xml version="1.0" encoding="UTF-8"?>
<!-- Generated by org.testng.reporters.JUnitXMLReporter -->
<testsuite ignored="0" hostname="LAPTOP-8AHNHADQ" failures="1" tests="1" name="Test2" time="5.915" errors="0" timestamp="2021-03-24T10:32:09 EDT">
  <testcase classname="CompleteProj.E2EProj.NavigationBar" name="basePageNavigative" time="0.031">
    <failure type="java.lang.AssertionError" message="expected [FEATURED COURSES123] but found [FEATURED COURSES]">
      <![CDATA[java.lang.AssertionError: expected [FEATURED COURSES123] but found [FEATURED COURSES]
at CompleteProj.E2EProj.NavigationBar.basePageNavigative(NavigationBar.java:40)
at java.base/java.util.ArrayList.forEach(ArrayList.java:1511)
... Removed 33 stack frames]]>
    </failure>
  </testcase> <!-- basePageNavigative -->
</testsuite> <!-- Test2 -->
