<?xml version="1.0" encoding="UTF-8"?>
<!-- Generated by org.testng.reporters.JUnitXMLReporter -->
<testsuite hostname="LAPTOP-8AHNHADQ" ignored="0" name="Test2" tests="1" failures="1" timestamp="2021-03-24T11:10:31 EDT" time="6.319" errors="0">
  <testcase name="basePageNavigative" time="0.052" classname="CompleteProj.E2EProj.NavigationBar">
    <failure type="java.lang.AssertionError" message="expected [FEATURED COURSES123] but found [FEATURED COURSES]">
      <![CDATA[java.lang.AssertionError: expected [FEATURED COURSES123] but found [FEATURED COURSES]
at CompleteProj.E2EProj.NavigationBar.basePageNavigative(NavigationBar.java:40)
at java.util.ArrayList.forEach(ArrayList.java:1259)
... Removed 37 stack frames]]>
    </failure>
  </testcase> <!-- basePageNavigative -->
</testsuite> <!-- Test2 -->
