-------------------------------------------------------------------------------
Test set: TestSuite
-------------------------------------------------------------------------------
Tests run: 2, Failures: 1, Errors: 0, Skipped: 0, Time elapsed: 20.173 s <<< FAILURE! - in TestSuite
basePageNavigative(CompleteProj.E2EProj.NavigationBar)  Time elapsed: 0.067 s  <<< FAILURE!
java.lang.AssertionError: expected [FEATURED COURSES123] but found [FEATURED COURSES]
	at CompleteProj.E2EProj.NavigationBar.basePageNavigative(NavigationBar.java:40)

